<?xml version="1.0" encoding="UTF-8"?>
<!-- Generated by org.testng.reporters.JUnitXMLReporter -->
<testsuite ignored="0" hostname="DESKTOP-2JMOP5N" failures="0" tests="2" name="Default test" time="22.037" errors="0" timestamp="2023-12-28T20:30:25 IST">
  <testcase classname="rahulshettyacademy.testcomponents.ErrorValidations" name="loginErrorValidation" time="0.824"/>
  <testcase classname="rahulshettyacademy.testcomponents.ErrorValidations" name="productErrorValidation" time="11.246"/>
</testsuite> <!-- Default test -->
