<?xml version="1.0" encoding="UTF-8"?>
<!-- Generated by org.testng.reporters.JUnitXMLReporter -->
<testsuite ignored="0" hostname="DESKTOP-2JMOP5N" failures="1" tests="2" name="ErrorValidationTests" time="21.527" errors="0" timestamp="2023-12-28T22:16:13 IST">
  <testcase classname="rahulshettyacademy.testcomponents.ErrorValidations" name="loginErrorValidation" time="0.836">
    <failure type="java.lang.AssertionError" message="expected [Incorrect email or password.] but found [Incorrect email password.]">
      <![CDATA[java.lang.AssertionError: expected [Incorrect email or password.] but found [Incorrect email password.]
at rahulshettyacademy.testcomponents.ErrorValidations.loginErrorValidation(ErrorValidations.java:32)
at java.base/java.util.ArrayList.forEach(ArrayList.java:1511)
... Removed 33 stack frames]]>
    </failure>
  </testcase> <!-- loginErrorValidation -->
  <testcase classname="rahulshettyacademy.testcomponents.ErrorValidations" name="productErrorValidation" time="11.585"/>
</testsuite> <!-- ErrorValidationTests -->
