<?xml version="1.0" encoding="UTF-8"?>
<!-- Generated by org.testng.reporters.JUnitXMLReporter -->
<testsuite ignored="0" hostname="DESKTOP-2JMOP5N" failures="0" tests="3" name="SubmitOrderTest" time="39.796" errors="0" timestamp="2023-12-28T22:15:51 IST">
  <testcase classname="rahulshettyacademy.testcomponents.StandAloneTest" name="submitOrder" time="11.837"/>
  <testcase classname="rahulshettyacademy.testcomponents.StandAloneTest" name="submitOrder" time="12.328"/>
  <testcase classname="rahulshettyacademy.testcomponents.StandAloneTest" name="OrderHistory" time="1.28"/>
</testsuite> <!-- SubmitOrderTest -->
